<?xml version="1.0" encoding="UTF-8"?>
<testsuite xmlns:xsi="http://www.w3.org/2001/XMLSchema-instance" xsi:noNamespaceSchemaLocation="https://maven.apache.org/surefire/maven-surefire-plugin/xsd/surefire-test-report-3.0.xsd" version="3.0" name="TestSuite" time="168.322" tests="15" errors="0" skipped="0" failures="0">
  <properties>
    <property name="sun.desktop" value="windows"/>
    <property name="awt.toolkit" value="sun.awt.windows.WToolkit"/>
    <property name="file.encoding.pkg" value="sun.io"/>
    <property name="java.specification.version" value="1.8"/>
    <property name="webdriver.chrome.driver" value="C:\Users\mares\.cache\selenium\chromedriver\win32\95.0.4638.17\chromedriver.exe"/>
    <property name="sun.cpu.isalist" value="pentium_pro+mmx pentium_pro pentium+mmx pentium i486 i386 i86"/>
    <property name="sun.jnu.encoding" value="Cp1252"/>
    <property name="java.class.path" value="C:\Users\mares\.m2\repository\org\apache\maven\surefire\surefire-booter\3.0.0-M5\surefire-booter-3.0.0-M5.jar;C:\Users\mares\.m2\repository\org\apache\maven\surefire\surefire-api\3.0.0-M5\surefire-api-3.0.0-M5.jar;C:\Users\mares\.m2\repository\org\apache\maven\surefire\surefire-logger-api\3.0.0-M5\surefire-logger-api-3.0.0-M5.jar;C:\Users\mares\.m2\repository\org\apache\maven\surefire\surefire-shared-utils\3.0.0-M4\surefire-shared-utils-3.0.0-M4.jar;C:\Users\mares\.m2\repository\org\apache\maven\surefire\surefire-extensions-spi\3.0.0-M5\surefire-extensions-spi-3.0.0-M5.jar;C:\Users\mares\IdeaProjects\spriteCloud\target\test-classes;C:\Users\mares\IdeaProjects\spriteCloud\target\classes;C:\Users\mares\.m2\repository\log4j\log4j\1.2.17\log4j-1.2.17.jar;C:\Users\mares\.m2\repository\org\seleniumhq\selenium\selenium-java\3.141.59\selenium-java-3.141.59.jar;C:\Users\mares\.m2\repository\org\seleniumhq\selenium\selenium-api\3.141.59\selenium-api-3.141.59.jar;C:\Users\mares\.m2\repository\org\seleniumhq\selenium\selenium-chrome-driver\3.141.59\selenium-chrome-driver-3.141.59.jar;C:\Users\mares\.m2\repository\org\seleniumhq\selenium\selenium-edge-driver\3.141.59\selenium-edge-driver-3.141.59.jar;C:\Users\mares\.m2\repository\org\seleniumhq\selenium\selenium-firefox-driver\3.141.59\selenium-firefox-driver-3.141.59.jar;C:\Users\mares\.m2\repository\org\seleniumhq\selenium\selenium-ie-driver\3.141.59\selenium-ie-driver-3.141.59.jar;C:\Users\mares\.m2\repository\org\seleniumhq\selenium\selenium-opera-driver\3.141.59\selenium-opera-driver-3.141.59.jar;C:\Users\mares\.m2\repository\org\seleniumhq\selenium\selenium-remote-driver\3.141.59\selenium-remote-driver-3.141.59.jar;C:\Users\mares\.m2\repository\org\seleniumhq\selenium\selenium-safari-driver\3.141.59\selenium-safari-driver-3.141.59.jar;C:\Users\mares\.m2\repository\org\seleniumhq\selenium\selenium-support\3.141.59\selenium-support-3.141.59.jar;C:\Users\mares\.m2\repository\net\bytebuddy\byte-buddy\1.8.15\byte-buddy-1.8.15.jar;C:\Users\mares\.m2\repository\org\apache\commons\commons-exec\1.3\commons-exec-1.3.jar;C:\Users\mares\.m2\repository\com\google\guava\guava\25.0-jre\guava-25.0-jre.jar;C:\Users\mares\.m2\repository\com\google\code\findbugs\jsr305\1.3.9\jsr305-1.3.9.jar;C:\Users\mares\.m2\repository\org\checkerframework\checker-compat-qual\2.0.0\checker-compat-qual-2.0.0.jar;C:\Users\mares\.m2\repository\com\google\errorprone\error_prone_annotations\2.1.3\error_prone_annotations-2.1.3.jar;C:\Users\mares\.m2\repository\com\google\j2objc\j2objc-annotations\1.1\j2objc-annotations-1.1.jar;C:\Users\mares\.m2\repository\org\codehaus\mojo\animal-sniffer-annotations\1.14\animal-sniffer-annotations-1.14.jar;C:\Users\mares\.m2\repository\com\squareup\okhttp3\okhttp\3.11.0\okhttp-3.11.0.jar;C:\Users\mares\.m2\repository\com\squareup\okio\okio\1.14.0\okio-1.14.0.jar;C:\Users\mares\.m2\repository\io\github\bonigarcia\webdrivermanager\4.3.1\webdrivermanager-4.3.1.jar;C:\Users\mares\.m2\repository\org\slf4j\slf4j-api\1.7.30\slf4j-api-1.7.30.jar;C:\Users\mares\.m2\repository\com\google\code\gson\gson\2.8.6\gson-2.8.6.jar;C:\Users\mares\.m2\repository\org\apache\httpcomponents\client5\httpclient5\5.0.3\httpclient5-5.0.3.jar;C:\Users\mares\.m2\repository\org\apache\httpcomponents\core5\httpcore5\5.0.2\httpcore5-5.0.2.jar;C:\Users\mares\.m2\repository\org\apache\httpcomponents\core5\httpcore5-h2\5.0.2\httpcore5-h2-5.0.2.jar;C:\Users\mares\.m2\repository\org\rauschig\jarchivelib\1.1.0\jarchivelib-1.1.0.jar;C:\Users\mares\.m2\repository\org\apache\commons\commons-compress\1.20\commons-compress-1.20.jar;C:\Users\mares\.m2\repository\org\jsoup\jsoup\1.13.1\jsoup-1.13.1.jar;C:\Users\mares\.m2\repository\io\cucumber\cucumber-testng\4.8.1\cucumber-testng-4.8.1.jar;C:\Users\mares\.m2\repository\org\apiguardian\apiguardian-api\1.1.0\apiguardian-api-1.1.0.jar;C:\Users\mares\.m2\repository\io\cucumber\cucumber-core\4.8.1\cucumber-core-4.8.1.jar;C:\Users\mares\.m2\repository\io\cucumber\gherkin\5.1.0\gherkin-5.1.0.jar;C:\Users\mares\.m2\repository\io\cucumber\tag-expressions\1.1.1\tag-expressions-1.1.1.jar;C:\Users\mares\.m2\repository\io\cucumber\cucumber-expressions\7.0.2\cucumber-expressions-7.0.2.jar;C:\Users\mares\.m2\repository\io\cucumber\datatable\1.1.14\datatable-1.1.14.jar;C:\Users\mares\.m2\repository\io\cucumber\datatable-dependencies\1.1.14\datatable-dependencies-1.1.14.jar;C:\Users\mares\.m2\repository\io\cucumber\cucumber-java8\4.8.1\cucumber-java8-4.8.1.jar;C:\Users\mares\.m2\repository\io\cucumber\cucumber-java\4.8.1\cucumber-java-4.8.1.jar;C:\Users\mares\.m2\repository\net\jodah\typetools\0.5.0\typetools-0.5.0.jar;C:\Users\mares\.m2\repository\org\testng\testng\7.0.0\testng-7.0.0.jar;C:\Users\mares\.m2\repository\com\beust\jcommander\1.72\jcommander-1.72.jar;C:\Users\mares\.m2\repository\org\apache\commons\commons-lang3\3.0\commons-lang3-3.0.jar;C:\Users\mares\.m2\repository\commons-configuration\commons-configuration\1.10\commons-configuration-1.10.jar;C:\Users\mares\.m2\repository\commons-lang\commons-lang\2.6\commons-lang-2.6.jar;C:\Users\mares\.m2\repository\commons-logging\commons-logging\1.1.1\commons-logging-1.1.1.jar;C:\Users\mares\.m2\repository\org\apache\commons\commons-collections4\4.0\commons-collections4-4.0.jar;C:\Users\mares\.m2\repository\commons-io\commons-io\2.6\commons-io-2.6.jar;C:\Users\mares\.m2\repository\org\springframework\spring-core\4.3.8.RELEASE\spring-core-4.3.8.RELEASE.jar;C:\Users\mares\.m2\repository\org\springframework\spring-web\4.3.8.RELEASE\spring-web-4.3.8.RELEASE.jar;C:\Users\mares\.m2\repository\org\springframework\spring-aop\4.3.8.RELEASE\spring-aop-4.3.8.RELEASE.jar;C:\Users\mares\.m2\repository\org\springframework\spring-beans\4.3.8.RELEASE\spring-beans-4.3.8.RELEASE.jar;C:\Users\mares\.m2\repository\org\springframework\spring-context\4.3.8.RELEASE\spring-context-4.3.8.RELEASE.jar;C:\Users\mares\.m2\repository\org\springframework\spring-expression\4.3.8.RELEASE\spring-expression-4.3.8.RELEASE.jar;C:\Users\mares\.m2\repository\org\apache\httpcomponents\httpclient\4.3.4\httpclient-4.3.4.jar;C:\Users\mares\.m2\repository\org\apache\httpcomponents\httpcore\4.3.2\httpcore-4.3.2.jar;C:\Users\mares\.m2\repository\commons-codec\commons-codec\1.6\commons-codec-1.6.jar;C:\Users\mares\.m2\repository\com\fasterxml\jackson\core\jackson-core\2.9.10\jackson-core-2.9.10.jar;C:\Users\mares\.m2\repository\com\fasterxml\jackson\core\jackson-databind\2.9.10\jackson-databind-2.9.10.jar;C:\Users\mares\.m2\repository\com\fasterxml\jackson\core\jackson-annotations\2.9.10\jackson-annotations-2.9.10.jar;C:\Users\mares\.m2\repository\com\fasterxml\jackson\dataformat\jackson-dataformat-xml\2.9.10\jackson-dataformat-xml-2.9.10.jar;C:\Users\mares\.m2\repository\com\fasterxml\jackson\module\jackson-module-jaxb-annotations\2.9.10\jackson-module-jaxb-annotations-2.9.10.jar;C:\Users\mares\.m2\repository\org\codehaus\woodstox\stax2-api\4.2\stax2-api-4.2.jar;C:\Users\mares\.m2\repository\com\fasterxml\woodstox\woodstox-core\5.3.0\woodstox-core-5.3.0.jar;C:\Users\mares\.m2\repository\org\json\json\20200518\json-20200518.jar;C:\Users\mares\.m2\repository\com\github\jknack\handlebars\4.1.2\handlebars-4.1.2.jar;C:\Users\mares\.m2\repository\org\apache\maven\surefire\surefire-testng\3.0.0-M5\surefire-testng-3.0.0-M5.jar;C:\Users\mares\.m2\repository\org\apache\maven\surefire\common-java5\3.0.0-M5\common-java5-3.0.0-M5.jar;C:\Users\mares\.m2\repository\org\apache\maven\surefire\surefire-testng-utils\3.0.0-M5\surefire-testng-utils-3.0.0-M5.jar;C:\Users\mares\.m2\repository\org\apache\maven\surefire\surefire-grouper\3.0.0-M5\surefire-grouper-3.0.0-M5.jar"/>
    <property name="java.vm.vendor" value="Oracle Corporation"/>
    <property name="sun.arch.data.model" value="32"/>
    <property name="user.variant" value=""/>
    <property name="java.vendor.url" value="http://java.oracle.com/"/>
    <property name="user.timezone" value="America/Buenos_Aires"/>
    <property name="java.vm.specification.version" value="1.8"/>
    <property name="os.name" value="Windows 10"/>
    <property name="user.country" value="US"/>
    <property name="sun.java.launcher" value="SUN_STANDARD"/>
    <property name="sun.boot.library.path" value="C:\Program Files (x86)\Java\jdk1.8.0_281\jre\bin"/>
    <property name="sun.java.command" value="org.apache.maven.surefire.booter.ForkedBooter C:\Users\mares\AppData\Local\Temp\surefire8231022402124983852 2021-10-27T13-52-17_905-jvmRun1 surefire1001221055403040741tmp surefire_01467315559266104929tmp"/>
    <property name="surefire.test.class.path" value="C:\Users\mares\IdeaProjects\spriteCloud\target\test-classes;C:\Users\mares\IdeaProjects\spriteCloud\target\classes;C:\Users\mares\.m2\repository\log4j\log4j\1.2.17\log4j-1.2.17.jar;C:\Users\mares\.m2\repository\org\seleniumhq\selenium\selenium-java\3.141.59\selenium-java-3.141.59.jar;C:\Users\mares\.m2\repository\org\seleniumhq\selenium\selenium-api\3.141.59\selenium-api-3.141.59.jar;C:\Users\mares\.m2\repository\org\seleniumhq\selenium\selenium-chrome-driver\3.141.59\selenium-chrome-driver-3.141.59.jar;C:\Users\mares\.m2\repository\org\seleniumhq\selenium\selenium-edge-driver\3.141.59\selenium-edge-driver-3.141.59.jar;C:\Users\mares\.m2\repository\org\seleniumhq\selenium\selenium-firefox-driver\3.141.59\selenium-firefox-driver-3.141.59.jar;C:\Users\mares\.m2\repository\org\seleniumhq\selenium\selenium-ie-driver\3.141.59\selenium-ie-driver-3.141.59.jar;C:\Users\mares\.m2\repository\org\seleniumhq\selenium\selenium-opera-driver\3.141.59\selenium-opera-driver-3.141.59.jar;C:\Users\mares\.m2\repository\org\seleniumhq\selenium\selenium-remote-driver\3.141.59\selenium-remote-driver-3.141.59.jar;C:\Users\mares\.m2\repository\org\seleniumhq\selenium\selenium-safari-driver\3.141.59\selenium-safari-driver-3.141.59.jar;C:\Users\mares\.m2\repository\org\seleniumhq\selenium\selenium-support\3.141.59\selenium-support-3.141.59.jar;C:\Users\mares\.m2\repository\net\bytebuddy\byte-buddy\1.8.15\byte-buddy-1.8.15.jar;C:\Users\mares\.m2\repository\org\apache\commons\commons-exec\1.3\commons-exec-1.3.jar;C:\Users\mares\.m2\repository\com\google\guava\guava\25.0-jre\guava-25.0-jre.jar;C:\Users\mares\.m2\repository\com\google\code\findbugs\jsr305\1.3.9\jsr305-1.3.9.jar;C:\Users\mares\.m2\repository\org\checkerframework\checker-compat-qual\2.0.0\checker-compat-qual-2.0.0.jar;C:\Users\mares\.m2\repository\com\google\errorprone\error_prone_annotations\2.1.3\error_prone_annotations-2.1.3.jar;C:\Users\mares\.m2\repository\com\google\j2objc\j2objc-annotations\1.1\j2objc-annotations-1.1.jar;C:\Users\mares\.m2\repository\org\codehaus\mojo\animal-sniffer-annotations\1.14\animal-sniffer-annotations-1.14.jar;C:\Users\mares\.m2\repository\com\squareup\okhttp3\okhttp\3.11.0\okhttp-3.11.0.jar;C:\Users\mares\.m2\repository\com\squareup\okio\okio\1.14.0\okio-1.14.0.jar;C:\Users\mares\.m2\repository\io\github\bonigarcia\webdrivermanager\4.3.1\webdrivermanager-4.3.1.jar;C:\Users\mares\.m2\repository\org\slf4j\slf4j-api\1.7.30\slf4j-api-1.7.30.jar;C:\Users\mares\.m2\repository\com\google\code\gson\gson\2.8.6\gson-2.8.6.jar;C:\Users\mares\.m2\repository\org\apache\httpcomponents\client5\httpclient5\5.0.3\httpclient5-5.0.3.jar;C:\Users\mares\.m2\repository\org\apache\httpcomponents\core5\httpcore5\5.0.2\httpcore5-5.0.2.jar;C:\Users\mares\.m2\repository\org\apache\httpcomponents\core5\httpcore5-h2\5.0.2\httpcore5-h2-5.0.2.jar;C:\Users\mares\.m2\repository\org\rauschig\jarchivelib\1.1.0\jarchivelib-1.1.0.jar;C:\Users\mares\.m2\repository\org\apache\commons\commons-compress\1.20\commons-compress-1.20.jar;C:\Users\mares\.m2\repository\org\jsoup\jsoup\1.13.1\jsoup-1.13.1.jar;C:\Users\mares\.m2\repository\io\cucumber\cucumber-testng\4.8.1\cucumber-testng-4.8.1.jar;C:\Users\mares\.m2\repository\org\apiguardian\apiguardian-api\1.1.0\apiguardian-api-1.1.0.jar;C:\Users\mares\.m2\repository\io\cucumber\cucumber-core\4.8.1\cucumber-core-4.8.1.jar;C:\Users\mares\.m2\repository\io\cucumber\gherkin\5.1.0\gherkin-5.1.0.jar;C:\Users\mares\.m2\repository\io\cucumber\tag-expressions\1.1.1\tag-expressions-1.1.1.jar;C:\Users\mares\.m2\repository\io\cucumber\cucumber-expressions\7.0.2\cucumber-expressions-7.0.2.jar;C:\Users\mares\.m2\repository\io\cucumber\datatable\1.1.14\datatable-1.1.14.jar;C:\Users\mares\.m2\repository\io\cucumber\datatable-dependencies\1.1.14\datatable-dependencies-1.1.14.jar;C:\Users\mares\.m2\repository\io\cucumber\cucumber-java8\4.8.1\cucumber-java8-4.8.1.jar;C:\Users\mares\.m2\repository\io\cucumber\cucumber-java\4.8.1\cucumber-java-4.8.1.jar;C:\Users\mares\.m2\repository\net\jodah\typetools\0.5.0\typetools-0.5.0.jar;C:\Users\mares\.m2\repository\org\testng\testng\7.0.0\testng-7.0.0.jar;C:\Users\mares\.m2\repository\com\beust\jcommander\1.72\jcommander-1.72.jar;C:\Users\mares\.m2\repository\org\apache\commons\commons-lang3\3.0\commons-lang3-3.0.jar;C:\Users\mares\.m2\repository\commons-configuration\commons-configuration\1.10\commons-configuration-1.10.jar;C:\Users\mares\.m2\repository\commons-lang\commons-lang\2.6\commons-lang-2.6.jar;C:\Users\mares\.m2\repository\commons-logging\commons-logging\1.1.1\commons-logging-1.1.1.jar;C:\Users\mares\.m2\repository\org\apache\commons\commons-collections4\4.0\commons-collections4-4.0.jar;C:\Users\mares\.m2\repository\commons-io\commons-io\2.6\commons-io-2.6.jar;C:\Users\mares\.m2\repository\org\springframework\spring-core\4.3.8.RELEASE\spring-core-4.3.8.RELEASE.jar;C:\Users\mares\.m2\repository\org\springframework\spring-web\4.3.8.RELEASE\spring-web-4.3.8.RELEASE.jar;C:\Users\mares\.m2\repository\org\springframework\spring-aop\4.3.8.RELEASE\spring-aop-4.3.8.RELEASE.jar;C:\Users\mares\.m2\repository\org\springframework\spring-beans\4.3.8.RELEASE\spring-beans-4.3.8.RELEASE.jar;C:\Users\mares\.m2\repository\org\springframework\spring-context\4.3.8.RELEASE\spring-context-4.3.8.RELEASE.jar;C:\Users\mares\.m2\repository\org\springframework\spring-expression\4.3.8.RELEASE\spring-expression-4.3.8.RELEASE.jar;C:\Users\mares\.m2\repository\org\apache\httpcomponents\httpclient\4.3.4\httpclient-4.3.4.jar;C:\Users\mares\.m2\repository\org\apache\httpcomponents\httpcore\4.3.2\httpcore-4.3.2.jar;C:\Users\mares\.m2\repository\commons-codec\commons-codec\1.6\commons-codec-1.6.jar;C:\Users\mares\.m2\repository\com\fasterxml\jackson\core\jackson-core\2.9.10\jackson-core-2.9.10.jar;C:\Users\mares\.m2\repository\com\fasterxml\jackson\core\jackson-databind\2.9.10\jackson-databind-2.9.10.jar;C:\Users\mares\.m2\repository\com\fasterxml\jackson\core\jackson-annotations\2.9.10\jackson-annotations-2.9.10.jar;C:\Users\mares\.m2\repository\com\fasterxml\jackson\dataformat\jackson-dataformat-xml\2.9.10\jackson-dataformat-xml-2.9.10.jar;C:\Users\mares\.m2\repository\com\fasterxml\jackson\module\jackson-module-jaxb-annotations\2.9.10\jackson-module-jaxb-annotations-2.9.10.jar;C:\Users\mares\.m2\repository\org\codehaus\woodstox\stax2-api\4.2\stax2-api-4.2.jar;C:\Users\mares\.m2\repository\com\fasterxml\woodstox\woodstox-core\5.3.0\woodstox-core-5.3.0.jar;C:\Users\mares\.m2\repository\org\json\json\20200518\json-20200518.jar;C:\Users\mares\.m2\repository\com\github\jknack\handlebars\4.1.2\handlebars-4.1.2.jar;"/>
    <property name="sun.cpu.endian" value="little"/>
    <property name="user.home" value="C:\Users\mares"/>
    <property name="user.language" value="en"/>
    <property name="java.specification.vendor" value="Oracle Corporation"/>
    <property name="java.home" value="C:\Program Files (x86)\Java\jdk1.8.0_281\jre"/>
    <property name="basedir" value="C:\Users\mares\IdeaProjects\spriteCloud"/>
    <property name="file.separator" value="\"/>
    <property name="line.separator" value="&#10;"/>
    <property name="java.vm.specification.vendor" value="Oracle Corporation"/>
    <property name="java.specification.name" value="Java Platform API Specification"/>
    <property name="java.awt.graphicsenv" value="sun.awt.Win32GraphicsEnvironment"/>
    <property name="sun.boot.class.path" value="C:\Program Files (x86)\Java\jdk1.8.0_281\jre\lib\resources.jar;C:\Program Files (x86)\Java\jdk1.8.0_281\jre\lib\rt.jar;C:\Program Files (x86)\Java\jdk1.8.0_281\jre\lib\sunrsasign.jar;C:\Program Files (x86)\Java\jdk1.8.0_281\jre\lib\jsse.jar;C:\Program Files (x86)\Java\jdk1.8.0_281\jre\lib\jce.jar;C:\Program Files (x86)\Java\jdk1.8.0_281\jre\lib\charsets.jar;C:\Program Files (x86)\Java\jdk1.8.0_281\jre\lib\jfr.jar;C:\Program Files (x86)\Java\jdk1.8.0_281\jre\classes"/>
    <property name="user.script" value=""/>
    <property name="sun.management.compiler" value="HotSpot Client Compiler"/>
    <property name="java.runtime.version" value="1.8.0_281-b09"/>
    <property name="user.name" value="mares"/>
    <property name="path.separator" value=";"/>
    <property name="os.version" value="10.0"/>
    <property name="java.endorsed.dirs" value="C:\Program Files (x86)\Java\jdk1.8.0_281\jre\lib\endorsed"/>
    <property name="java.runtime.name" value="Java(TM) SE Runtime Environment"/>
    <property name="file.encoding" value="Cp1252"/>
    <property name="java.vm.name" value="Java HotSpot(TM) Client VM"/>
    <property name="localRepository" value="C:\Users\mares\.m2\repository"/>
    <property name="java.vendor.url.bug" value="http://bugreport.sun.com/bugreport/"/>
    <property name="java.io.tmpdir" value="C:\Users\mares\AppData\Local\Temp\"/>
    <property name="idea.version" value="2021.1.2"/>
    <property name="java.version" value="1.8.0_281"/>
    <property name="user.dir" value="C:\Users\mares\IdeaProjects\spriteCloud"/>
    <property name="os.arch" value="x86"/>
    <property name="java.vm.specification.name" value="Java Virtual Machine Specification"/>
    <property name="java.awt.printerjob" value="sun.awt.windows.WPrinterJob"/>
    <property name="sun.os.patch.level" value=""/>
    <property name="java.library.path" value="C:\Program Files (x86)\Java\jdk1.8.0_281\jre\bin;C:\Windows\Sun\Java\bin;C:\Windows\system32;C:\Windows;C:\Program Files (x86)\Common Files\Oracle\Java\javapath;C:\Windows\system32;C:\Windows;C:\Windows\System32\Wbem;C:\Windows\System32\WindowsPowerShell\v1.0\;C:\Program Files\Intel\WiFi\bin\;C:\Program Files\Common Files\Intel\WirelessCommon\;C:\Windows\System32\OpenSSH\;C:\Program Files\PuTTY\;C:\Program Files (x86)\Microsoft SQL Server\150\DTS\Binn\;C:\Program Files\Azure Data Studio\bin;C:\Program Files\Git\cmd;C:\Program Files (x86)\Intel\Intel(R) Management Engine Components\DAL;C:\Program Files\Intel\Intel(R) Management Engine Components\DAL;C:\Users\mares\AppData\Local\Microsoft\WindowsApps;C:\Program Files\Azure Data Studio\bin;C:\Users\mares\AppData\Local\GitHubDesktop\bin;."/>
    <property name="java.vm.info" value="mixed mode"/>
    <property name="java.vendor" value="Oracle Corporation"/>
    <property name="java.vm.version" value="25.281-b09"/>
    <property name="java.ext.dirs" value="C:\Program Files (x86)\Java\jdk1.8.0_281\jre\lib\ext;C:\Windows\Sun\Java\lib\ext"/>
    <property name="sun.io.unicode.encoding" value="UnicodeLittle"/>
    <property name="java.class.version" value="52.0"/>
  </properties>
  <testcase name="runScenario[&quot;Scenarios Apis INVENTORY&quot;, &quot;Sprite Cloud API Automation Test&quot;](1)" classname="com.spritecloud.TestNGRunner" time="2.477">
    <system-out><![CDATA[27/10/21 13:52:21 INFO  root:16 - -----------Scenarios Apis INVENTORY-----------
27/10/21 13:52:23 INFO  root:21 -  ending -----------Scenarios Apis INVENTORY-----------
[@API, @regression, @apisTest]
]]></system-out>
  </testcase>
  <testcase name="runScenario[&quot;Scenarios Apis CREATELIST&quot;, &quot;Sprite Cloud API Automation Test&quot;](2)" classname="com.spritecloud.TestNGRunner" time="0.27">
    <system-out><![CDATA[27/10/21 13:52:23 INFO  root:16 - -----------Scenarios Apis CREATELIST-----------
27/10/21 13:52:23 INFO  root:21 -  ending -----------Scenarios Apis CREATELIST-----------
[@API, @regression, @apisTest]
]]></system-out>
  </testcase>
  <testcase name="runScenario[&quot;Scenarios Apis PUTUSERNAME&quot;, &quot;Sprite Cloud API Automation Test&quot;](3)" classname="com.spritecloud.TestNGRunner" time="0.179">
    <system-out><![CDATA[27/10/21 13:52:23 INFO  root:16 - -----------Scenarios Apis PUTUSERNAME-----------
27/10/21 13:52:23 INFO  root:21 -  ending -----------Scenarios Apis PUTUSERNAME-----------
[@API, @regression, @apisTest]
]]></system-out>
  </testcase>
  <testcase name="runScenario[&quot;Scenario Update Files&quot;, &quot;Sprite Cloud API Automation Test&quot;](4)" classname="com.spritecloud.TestNGRunner" time="0.987">
    <system-out><![CDATA[27/10/21 13:52:23 INFO  root:16 - -----------Scenario Update Files-----------
27/10/21 13:52:24 INFO  root:21 -  ending -----------Scenario Update Files-----------
[@API, @regression, @apisTest]
]]></system-out>
    <system-err><![CDATA[SLF4J: Failed to load class "org.slf4j.impl.StaticLoggerBinder".
SLF4J: Defaulting to no-operation (NOP) logger implementation
SLF4J: See http://www.slf4j.org/codes.html#StaticLoggerBinder for further details.
]]></system-err>
  </testcase>
  <testcase name="runScenario[&quot;Scenario Text Box&quot;, &quot;Sprite Cloud Web Automation Test&quot;](5)" classname="com.spritecloud.TestNGRunner" time="12.264">
    <system-out><![CDATA[27/10/21 13:52:24 INFO  root:16 - -----------Scenario Text Box-----------
27/10/21 13:52:35 INFO  root:21 -  ending -----------Scenario Text Box-----------
[@FrontEnd, @seleniumTest, @regression, @TextBox]
]]></system-out>
    <system-err><![CDATA[Starting ChromeDriver 95.0.4638.17 (a9d0719444d4b035e284ed1fce73bf6ccd789df2-refs/branch-heads/4638@{#178}) on port 29435
Only local connections are allowed.
Please see https://chromedriver.chromium.org/security-considerations for suggestions on keeping ChromeDriver safe.
ChromeDriver was started successfully.
Oct 27, 2021 1:52:28 PM org.openqa.selenium.remote.ProtocolHandshake createSession
INFO: Detected dialect: W3C
]]></system-err>
  </testcase>
  <testcase name="runScenario[&quot;Scenario Check Box&quot;, &quot;Sprite Cloud Web Automation Test&quot;](6)" classname="com.spritecloud.TestNGRunner" time="13.639">
    <system-out><![CDATA[27/10/21 13:52:36 INFO  root:16 - -----------Scenario Check Box-----------
27/10/21 13:52:49 INFO  root:21 -  ending -----------Scenario Check Box-----------
[@FrontEnd, @seleniumTest, @CheckBox, @regression]
]]></system-out>
    <system-err><![CDATA[Starting ChromeDriver 95.0.4638.17 (a9d0719444d4b035e284ed1fce73bf6ccd789df2-refs/branch-heads/4638@{#178}) on port 1081
Only local connections are allowed.
Please see https://chromedriver.chromium.org/security-considerations for suggestions on keeping ChromeDriver safe.
ChromeDriver was started successfully.
Oct 27, 2021 1:52:40 PM org.openqa.selenium.remote.ProtocolHandshake createSession
INFO: Detected dialect: W3C
]]></system-err>
  </testcase>
  <testcase name="runScenario[&quot;Scenario Web Table&quot;, &quot;Sprite Cloud Web Automation Test&quot;](7)" classname="com.spritecloud.TestNGRunner" time="13.299">
    <system-out><![CDATA[27/10/21 13:52:50 INFO  root:16 - -----------Scenario Web Table-----------
27/10/21 13:53:02 INFO  root:21 -  ending -----------Scenario Web Table-----------
[@FrontEnd, @seleniumTest, @regression, @WebTable]
]]></system-out>
    <system-err><![CDATA[Starting ChromeDriver 95.0.4638.17 (a9d0719444d4b035e284ed1fce73bf6ccd789df2-refs/branch-heads/4638@{#178}) on port 31150
Only local connections are allowed.
Please see https://chromedriver.chromium.org/security-considerations for suggestions on keeping ChromeDriver safe.
ChromeDriver was started successfully.
Oct 27, 2021 1:52:54 PM org.openqa.selenium.remote.ProtocolHandshake createSession
INFO: Detected dialect: W3C
]]></system-err>
  </testcase>
  <testcase name="runScenario[&quot;Scenario Upload File&quot;, &quot;Sprite Cloud Web Automation Test&quot;](8)" classname="com.spritecloud.TestNGRunner" time="15.12">
    <system-out><![CDATA[27/10/21 13:53:03 INFO  root:16 - -----------Scenario Upload File-----------
27/10/21 13:53:17 INFO  root:21 -  ending -----------Scenario Upload File-----------
[@FrontEnd, @seleniumTest, @regression, @UploadFile]
]]></system-out>
    <system-err><![CDATA[Starting ChromeDriver 95.0.4638.17 (a9d0719444d4b035e284ed1fce73bf6ccd789df2-refs/branch-heads/4638@{#178}) on port 8636
Only local connections are allowed.
Please see https://chromedriver.chromium.org/security-considerations for suggestions on keeping ChromeDriver safe.
ChromeDriver was started successfully.
Oct 27, 2021 1:53:12 PM org.openqa.selenium.remote.ProtocolHandshake createSession
INFO: Detected dialect: W3C
]]></system-err>
  </testcase>
  <testcase name="runScenario[&quot;Scenario Alerts TIMER&quot;, &quot;Sprite Cloud Web Automation Test&quot;](9)" classname="com.spritecloud.TestNGRunner" time="16.06">
    <system-out><![CDATA[27/10/21 13:53:18 INFO  root:16 - -----------Scenario Alerts TIMER-----------
27/10/21 13:53:33 INFO  root:21 -  ending -----------Scenario Alerts TIMER-----------
[@FrontEnd, @Alert, @seleniumTest, @regression]
]]></system-out>
    <system-err><![CDATA[Starting ChromeDriver 95.0.4638.17 (a9d0719444d4b035e284ed1fce73bf6ccd789df2-refs/branch-heads/4638@{#178}) on port 12144
Only local connections are allowed.
Please see https://chromedriver.chromium.org/security-considerations for suggestions on keeping ChromeDriver safe.
ChromeDriver was started successfully.
Oct 27, 2021 1:53:21 PM org.openqa.selenium.remote.ProtocolHandshake createSession
INFO: Detected dialect: W3C
]]></system-err>
  </testcase>
  <testcase name="runScenario[&quot;Scenario Alerts PROMPT&quot;, &quot;Sprite Cloud Web Automation Test&quot;](10)" classname="com.spritecloud.TestNGRunner" time="15.098">
    <system-out><![CDATA[27/10/21 13:53:35 INFO  root:16 - -----------Scenario Alerts PROMPT-----------
27/10/21 13:53:48 INFO  root:21 -  ending -----------Scenario Alerts PROMPT-----------
[@FrontEnd, @Alert, @seleniumTest, @regression]
]]></system-out>
    <system-err><![CDATA[Starting ChromeDriver 95.0.4638.17 (a9d0719444d4b035e284ed1fce73bf6ccd789df2-refs/branch-heads/4638@{#178}) on port 13607
Only local connections are allowed.
Please see https://chromedriver.chromium.org/security-considerations for suggestions on keeping ChromeDriver safe.
ChromeDriver was started successfully.
Oct 27, 2021 1:53:37 PM org.openqa.selenium.remote.ProtocolHandshake createSession
INFO: Detected dialect: W3C
]]></system-err>
  </testcase>
  <testcase name="runScenario[&quot;Scenario Alerts CONFIRM&quot;, &quot;Sprite Cloud Web Automation Test&quot;](11)" classname="com.spritecloud.TestNGRunner" time="16.334">
    <system-out><![CDATA[27/10/21 13:53:50 INFO  root:16 - -----------Scenario Alerts CONFIRM-----------
27/10/21 13:54:05 INFO  root:21 -  ending -----------Scenario Alerts CONFIRM-----------
[@FrontEnd, @Alert, @seleniumTest, @regression]
]]></system-out>
    <system-err><![CDATA[Starting ChromeDriver 95.0.4638.17 (a9d0719444d4b035e284ed1fce73bf6ccd789df2-refs/branch-heads/4638@{#178}) on port 2436
Only local connections are allowed.
Please see https://chromedriver.chromium.org/security-considerations for suggestions on keeping ChromeDriver safe.
ChromeDriver was started successfully.
Oct 27, 2021 1:53:53 PM org.openqa.selenium.remote.ProtocolHandshake createSession
INFO: Detected dialect: W3C
]]></system-err>
  </testcase>
  <testcase name="runScenario[&quot;Scenario New Tab&quot;, &quot;Sprite Cloud Web Automation Test&quot;](12)" classname="com.spritecloud.TestNGRunner" time="13.726">
    <system-out><![CDATA[27/10/21 13:54:06 INFO  root:16 - -----------Scenario New Tab-----------
27/10/21 13:54:18 INFO  root:21 -  ending -----------Scenario New Tab-----------
[@FrontEnd, @seleniumTest, @regression, @NewTab]
]]></system-out>
    <system-err><![CDATA[Starting ChromeDriver 95.0.4638.17 (a9d0719444d4b035e284ed1fce73bf6ccd789df2-refs/branch-heads/4638@{#178}) on port 25044
Only local connections are allowed.
Please see https://chromedriver.chromium.org/security-considerations for suggestions on keeping ChromeDriver safe.
ChromeDriver was started successfully.
Oct 27, 2021 1:54:09 PM org.openqa.selenium.remote.ProtocolHandshake createSession
INFO: Detected dialect: W3C
]]></system-err>
  </testcase>
  <testcase name="runScenario[&quot;Scenario New Tab&quot;, &quot;Sprite Cloud Web Automation Test&quot;](13)" classname="com.spritecloud.TestNGRunner" time="12.683">
    <system-out><![CDATA[27/10/21 13:54:20 INFO  root:16 - -----------Scenario New Tab-----------
27/10/21 13:54:31 INFO  root:21 -  ending -----------Scenario New Tab-----------
[@FrontEnd, @seleniumTest, @regression, @Slider]
]]></system-out>
    <system-err><![CDATA[Starting ChromeDriver 95.0.4638.17 (a9d0719444d4b035e284ed1fce73bf6ccd789df2-refs/branch-heads/4638@{#178}) on port 41947
Only local connections are allowed.
Please see https://chromedriver.chromium.org/security-considerations for suggestions on keeping ChromeDriver safe.
ChromeDriver was started successfully.
Oct 27, 2021 1:54:23 PM org.openqa.selenium.remote.ProtocolHandshake createSession
INFO: Detected dialect: W3C
]]></system-err>
  </testcase>
  <testcase name="runScenario[&quot;Scenario Progress Bar&quot;, &quot;Sprite Cloud Web Automation Test&quot;](14)" classname="com.spritecloud.TestNGRunner" time="23.326">
    <system-out><![CDATA[27/10/21 13:54:32 INFO  root:16 - -----------Scenario Progress Bar-----------
progress-bar bg-info
progress-bar bg-info
progress-bar bg-info
progress-bar bg-info
progress-bar bg-info
progress-bar bg-info
progress-bar bg-info
progress-bar bg-info
progress-bar bg-info
progress-bar bg-info
progress-bar bg-success
27/10/21 13:54:54 INFO  root:21 -  ending -----------Scenario Progress Bar-----------
[@FrontEnd, @ProgressBar, @seleniumTest, @regression]
]]></system-out>
    <system-err><![CDATA[Starting ChromeDriver 95.0.4638.17 (a9d0719444d4b035e284ed1fce73bf6ccd789df2-refs/branch-heads/4638@{#178}) on port 44356
Only local connections are allowed.
Please see https://chromedriver.chromium.org/security-considerations for suggestions on keeping ChromeDriver safe.
ChromeDriver was started successfully.
Oct 27, 2021 1:54:35 PM org.openqa.selenium.remote.ProtocolHandshake createSession
INFO: Detected dialect: W3C
]]></system-err>
  </testcase>
  <testcase name="runScenario[&quot;Scenario Dragabble&quot;, &quot;Sprite Cloud Web Automation Test&quot;](15)" classname="com.spritecloud.TestNGRunner" time="11.477">
    <system-out><![CDATA[27/10/21 13:54:56 INFO  root:16 - -----------Scenario Dragabble-----------
27/10/21 13:55:06 INFO  root:21 -  ending -----------Scenario Dragabble-----------
[@FrontEnd, @Dragabble, @seleniumTest, @regression]
]]></system-out>
    <system-err><![CDATA[Starting ChromeDriver 95.0.4638.17 (a9d0719444d4b035e284ed1fce73bf6ccd789df2-refs/branch-heads/4638@{#178}) on port 16619
Only local connections are allowed.
Please see https://chromedriver.chromium.org/security-considerations for suggestions on keeping ChromeDriver safe.
ChromeDriver was started successfully.
Oct 27, 2021 1:54:59 PM org.openqa.selenium.remote.ProtocolHandshake createSession
INFO: Detected dialect: W3C
]]></system-err>
  </testcase>
</testsuite>