<?xml version="1.0" encoding="UTF-8"?>
<!-- Generated by org.testng.reporters.JUnitReportReporter -->
<testsuite skipped="0" hostname="FLX-ARROS-L0015" name="com.spritecloud.TestNGRunner" tests="15" failures="0" timestamp="2021-10-27T13:55:08 ART" time="166.933" errors="0">
  <testcase name="runScenario" time="2.477" classname="com.spritecloud.TestNGRunner"/>
  <testcase name="runScenario" time="13.649" classname="com.spritecloud.TestNGRunner"/>
  <testcase name="runScenario" time="16.060" classname="com.spritecloud.TestNGRunner"/>
  <testcase name="runScenario" time="13.711" classname="com.spritecloud.TestNGRunner"/>
  <testcase name="runScenario" time="11.486" classname="com.spritecloud.TestNGRunner"/>
  <testcase name="runScenario" time="0.270" classname="com.spritecloud.TestNGRunner"/>
  <testcase name="runScenario" time="15.091" classname="com.spritecloud.TestNGRunner"/>
  <testcase name="runScenario" time="0.179" classname="com.spritecloud.TestNGRunner"/>
  <testcase name="runScenario" time="12.268" classname="com.spritecloud.TestNGRunner"/>
  <testcase name="runScenario" time="0.971" classname="com.spritecloud.TestNGRunner"/>
  <testcase name="runScenario" time="16.341" classname="com.spritecloud.TestNGRunner"/>
  <testcase name="runScenario" time="15.120" classname="com.spritecloud.TestNGRunner"/>
  <testcase name="runScenario" time="23.318" classname="com.spritecloud.TestNGRunner"/>
  <testcase name="runScenario" time="13.301" classname="com.spritecloud.TestNGRunner"/>
  <testcase name="runScenario" time="12.691" classname="com.spritecloud.TestNGRunner"/>
</testsuite> <!-- com.spritecloud.TestNGRunner -->
