<?xml version="1.0" encoding="UTF-8"?>
<!-- Generated by org.testng.reporters.JUnitReportReporter -->
<testsuite skipped="0" hostname="FLX-ARROS-L0015" name="com.spritecloud.TestNGRunner" tests="5" failures="0" timestamp="2021-10-26T14:21:42 ART" time="4.113" errors="0">
  <testcase name="runScenario" time="1.010" classname="com.spritecloud.TestNGRunner"/>
  <testcase name="runScenario" time="0.276" classname="com.spritecloud.TestNGRunner"/>
  <testcase name="runScenario" time="0.216" classname="com.spritecloud.TestNGRunner"/>
  <testcase name="runScenario" time="0.179" classname="com.spritecloud.TestNGRunner"/>
  <testcase name="runScenario" time="2.432" classname="com.spritecloud.TestNGRunner"/>
</testsuite> <!-- com.spritecloud.TestNGRunner -->
